-1.556054 53.805110 
-1.556044 53.805237 
-1.555985 53.805340 
-1.555902 53.805410 
-1.555766 53.805408 
-1.555312 53.805409 
-1.554846 53.805404 
-1.554778 53.805397 
-1.554316 53.805400 
-1.554314 53.805658 
-1.554313 53.805709 
-1.554398 53.805798 
-1.554397 53.805929 
-1.554394 53.806211 
-1.554239 53.806216 
-1.554089 53.806299 
-1.553780 53.806465 
-1.553594 53.806547 
-1.552935 53.806507 
-1.552901 53.806640 
-1.552878 53.806731 
-1.552587 53.807116 
-1.552510 53.807254 
-1.552419 53.807400 
-1.552335 53.807540 
-1.552200 53.807762 
-1.552115 53.807902 
-1.552255 53.808247 
-1.552318 53.808371 
-1.552326 53.808596 
-1.552235 53.808718 
-1.552086 53.808797 
-1.551512 53.809142 
-1.551263 53.809296 
-1.551174 53.809352 
-1.551261 53.809367 
-1.551390 53.809388 
-1.551384 53.809427 
-1.551390 53.809474 
-1.551408 53.809505 
-1.551424 53.809537 
-1.551436 53.809554 
-1.551447 53.809565 
-1.551353 53.809673 
-1.551327 53.809702 
-1.551303 53.809730 
-1.551223 53.809706 
-1.551092 53.809675 
-1.551009 53.809665 
-1.550928 53.809679 
-1.550872 53.809719 
-1.550840 53.809760 
